
ASEM-51 V1.3                                         Copyright (c) 2002 by W.W. Heinz                                         PAGE 1





       MCS-51 Family Macro Assembler   A S E M - 5 1   V 1.3
       =====================================================



	Source File:	D:\UIN BANDUNG\Semester 5\Praktikum Sistem Mikropressesor\UTS\FIKS\MuhammadAlvitoAditya_B2.asm
	Object File:	D:\UIN BANDUNG\Semester 5\Praktikum Sistem Mikropressesor\UTS\FIKS\MuhammadAlvitoAditya_B2.hex
	List File:	D:\UIN BANDUNG\Semester 5\Praktikum Sistem Mikropressesor\UTS\FIKS\MuhammadAlvitoAditya_B2.lst



 Line  I  Addr  Code            Source

    1:				$mod51
    2:				;===================================
    3:				;PROGRAM HIASAN LAMPU RUANG KERJA LED "MALVITOA" DAN SEVEN SEGMENT DENGAN MENGGUNAKAN MOTOR DC DAN P
				USH BUTTON BERBASIS AT89C51
    4:				;NAMA: MUHAMMAD ALVITO ADITYA
    5:				;NIM : 1197070049
    6:				;KELAS : B2
    7:				;===================================
    8:
    9:		N      0000	org      0h
   10:	  0000	75 90 00	 MOV P1,#00000000B
   11:	  0003	75 A0 01	 MOV P2,#00000001B
   12:	  0006	E5 B0		mulai:  mov     A,P3
   13:	  0008	B4 FE 07	      cjne     A,#0FEh,tombol1
   14:	  000B	F5 90		      mov      p1,a
   15:	  000D	75 80 C0	      mov      P0,#0c0h
   16:	  0010	80 F4		      sjmp     mulai
   17:
   18:	  0012			tombol1:
   19:	  0012	B4 FD 07	      cjne     A,#0FDh,tombol2
   20:	  0015	F5 90		      mov      p1,a
   21:	  0017	75 80 F9	      mov      P0,#0F9h
   22:	  001A	80 EA		      sjmp     mulai
   23:	  001C			tombol2:
   24:	  001C	B4 FB 07	      cjne     A,#0FBh,tombol3
   25:	  001F	F5 90		      mov      p1,a
   26:	  0021	75 80 A4	      mov      P0,#0a4h
   27:	  0024	80 E0		      sjmp     mulai
   28:	  0026			tombol3:
   29:	  0026	B4 F7 07	      cjne     A,#0F7h,tombol4
   30:	  0029	F5 90		      mov      p1,a
   31:	  002B	75 80 B0	      mov      P0,#0b0h
   32:	  002E	80 D6		      sjmp     mulai
   33:	  0030			tombol4:
   34:	  0030	B4 EF 07	      cjne     A,#0EFh,tombol5
   35:	  0033	F5 90		      mov      p1,a
   36:	  0035	75 80 99	      mov      P0,#99h
   37:	  0038	80 CC		      sjmp     mulai
   38:	  003A			tombol5:
   39:	  003A	B4 DF 07	      cjne     A,#0DFh,tombol6
   40:	  003D	F5 90		      mov      p1,a
   41:	  003F	75 80 92	      mov      P0,#92h
   42:	  0042	80 C2		      sjmp     mulai

ASEM-51 V1.3                                         Copyright (c) 2002 by W.W. Heinz                                         PAGE 2



 Line  I  Addr  Code            Source

   43:	  0044			tombol6:
   44:	  0044	B4 BF 07	      cjne     A,#0BFh,tombol7
   45:	  0047	F5 90		      mov      p1,a
   46:	  0049	75 80 82	      mov      P0,#82h
   47:	  004C	80 B8		      sjmp     mulai
   48:	  004E			tombol7:
   49:	  004E	B4 7F B5	      cjne     A,#07Fh,mulai
   50:	  0051	F5 90		      mov      p1,a
   51:	  0053	75 80 F8	      mov      P0,#0F8h
   52:	  0056	80 AE		      sjmp     mulai
   53:				      End





                     register banks used:  ---

                     no errors




ASEM-51 V1.3                                         Copyright (c) 2002 by W.W. Heinz                                         PAGE 3





	       L I S T   O F   S Y M B O L S
	       =============================


SYMBOL				  TYPE     VALUE	LINE
------------------------------------------------------------
??ASEM_51			  NUMBER    8051
??VERSION			  NUMBER    0130
AC				  BIT	      D6
ACC				  DATA	      E0
B				  DATA	      F0
CY				  BIT	      D7
DPH				  DATA	      83
DPL				  DATA	      82
EA				  BIT	      AF
ES				  BIT	      AC
ET0				  BIT	      A9
ET1				  BIT	      AB
EX0				  BIT	      A8
EX1				  BIT	      AA
EXTI0				  CODE	    0003
EXTI1				  CODE	    0013
F0				  BIT	      D5
IE				  DATA	      A8
IE0				  BIT	      89
IE1				  BIT	      8B
INT0				  BIT	      B2
INT1				  BIT	      B3
IP				  DATA	      B8
IT0				  BIT	      88
IT1				  BIT	      8A
MULAI				  CODE	    0006	  12
OV				  BIT	      D2
P				  BIT	      D0
P0				  DATA	      80
P1				  DATA	      90
P2				  DATA	      A0
P3				  DATA	      B0
PCON				  DATA	      87
PS				  BIT	      BC
PSW				  DATA	      D0
PT0				  BIT	      B9
PT1				  BIT	      BB
PX0				  BIT	      B8
PX1				  BIT	      BA
RB8				  BIT	      9A
RD				  BIT	      B7
REN				  BIT	      9C
RESET				  CODE	    0000
RI				  BIT	      98
RS0				  BIT	      D3
RS1				  BIT	      D4
RXD				  BIT	      B0
SBUF				  DATA	      99
SCON				  DATA	      98
SINT				  CODE	    0023

ASEM-51 V1.3                                         Copyright (c) 2002 by W.W. Heinz                                         PAGE 4



SYMBOL				  TYPE     VALUE	LINE
------------------------------------------------------------
SM0				  BIT	      9F
SM1				  BIT	      9E
SM2				  BIT	      9D
SP				  DATA	      81
T0				  BIT	      B4
T1				  BIT	      B5
TB8				  BIT	      9B
TCON				  DATA	      88
TF0				  BIT	      8D
TF1				  BIT	      8F
TH0				  DATA	      8C
TH1				  DATA	      8D
TI				  BIT	      99
TIMER0				  CODE	    000B
TIMER1				  CODE	    001B
TL0				  DATA	      8A
TL1				  DATA	      8B
TMOD				  DATA	      89
TOMBOL1				  CODE	    0012	  18
TOMBOL2				  CODE	    001C	  23
TOMBOL3				  CODE	    0026	  28
TOMBOL4				  CODE	    0030	  33
TOMBOL5				  CODE	    003A	  38
TOMBOL6				  CODE	    0044	  43
TOMBOL7				  CODE	    004E	  48
TR0				  BIT	      8C
TR1				  BIT	      8E
TXD				  BIT	      B1
WR				  BIT	      B6
